/connection
/connection
/description
/tags https://images.aran.site/BkEHdPXle.jpg
{ status_code: 'OK',
  status_msg: 'All images in request have completed successfully. ',
  meta: 
   { tag: 
      { timestamp: 1477830794.467643,
        model: 'general-v1.3',
        config: null } },
  results: 
   [ { docid: 8756862439096729000,
       url: 'https://images.aran.site/BkEHdPXle.jpg',
       status_code: 'OK',
       status_msg: 'OK',
       local_id: '',
       result: [Object],
       docid_str: '08775033fe799dd579869ffe15523b6c' } ] }
/connection
/description
/tags https://images.aran.site/HJy_Owmxl.jpg
{ status_code: 'OK',
  status_msg: 'All images in request have completed successfully. ',
  meta: 
   { tag: 
      { timestamp: 1477830836.332842,
        model: 'general-v1.3',
        config: null } },
  results: 
   [ { docid: 5001755244959306000,
       url: 'https://images.aran.site/HJy_Owmxl.jpg',
       status_code: 'OK',
       status_msg: 'OK',
       local_id: '',
       result: [Object],
       docid_str: '410cb9cece4aa8bd4569cde5153f0e18' } ] }
/connection
/description
/tags https://images.aran.site/HJG6_w7ll.jpg
{ status_code: 'OK',
  status_msg: 'All images in request have completed successfully. ',
  meta: 
   { tag: 
      { timestamp: 1477830981.745977,
        model: 'general-v1.3',
        config: null } },
  results: 
   [ { docid: 14335989312108112000,
       url: 'https://images.aran.site/HJG6_w7ll.jpg',
       status_code: 'OK',
       status_msg: 'OK',
       local_id: '',
       result: [Object],
       docid_str: '2f2dbaa5bcf50d71c6f3aa52f40026f2' } ] }
/connection
/description
/tags https://images.aran.site/S1Gk9DXex.jpg
{ status_code: 'OK',
  status_msg: 'All images in request have completed successfully. ',
  meta: 
   { tag: 
      { timestamp: 1477831210.487611,
        model: 'general-v1.3',
        config: null } },
  results: 
   [ { docid: 7452206564803026000,
       url: 'https://images.aran.site/S1Gk9DXex.jpg',
       status_code: 'OK',
       status_msg: 'OK',
       local_id: '',
       result: [Object],
       docid_str: '9627e690c71c2f96676b8e631feb1d07' } ] }
/connection
/description
/tags https://images.aran.site/ByPyMKQle.jpg
{ status_code: 'OK',
  status_msg: 'All images in request have completed successfully. ',
  meta: 
   { tag: 
      { timestamp: 1477837354.927266,
        model: 'general-v1.3',
        config: null } },
  results: 
   [ { docid: 16611004370564788000,
       url: 'https://images.aran.site/ByPyMKQle.jpg',
       status_code: 'OK',
       status_msg: 'OK',
       local_id: '',
       result: [Object],
       docid_str: 'e14a30aac17c50aee686247755f9acb4' } ] }
/connection
/description
/tags https://images.aran.site/BJpnBFXlx.jpg
{ status_code: 'OK',
  status_msg: 'All images in request have completed successfully. ',
  meta: 
   { tag: 
      { timestamp: 1477838340.272174,
        model: 'general-v1.3',
        config: null } },
  results: 
   [ { docid: 444974879382153800,
       url: 'https://images.aran.site/BJpnBFXlx.jpg',
       status_code: 'OK',
       status_msg: 'OK',
       local_id: '',
       result: [Object],
       docid_str: '2429ef8489d988c0062cde4b938baa36' } ] }
/connection
/connection
/connection
/connection
/connection
/connection
/connection
/description
/tags https://images.aran.site/HJfgoKmxx.jpg
{ status_code: 'OK',
  status_msg: 'All images in request have completed successfully. ',
  meta: 
   { tag: 
      { timestamp: 1477839766.423936,
        model: 'general-v1.3',
        config: null } },
  results: 
   [ { docid: 1414215034068974600,
       url: 'https://images.aran.site/HJfgoKmxx.jpg',
       status_code: 'OK',
       status_msg: 'OK',
       local_id: '',
       result: [Object],
       docid_str: '5da1d2c08e58b2c313a04d14a5b2bbb0' } ] }
/description
/tags https://images.aran.site/HJfgoKmxx.jpg
{ status_code: 'OK',
  status_msg: 'All images in request have completed successfully. ',
  meta: 
   { tag: 
      { timestamp: 1477839776.761127,
        model: 'general-v1.3',
        config: null } },
  results: 
   [ { docid: 1414215034068974600,
       url: 'https://images.aran.site/HJfgoKmxx.jpg',
       status_code: 'OK',
       status_msg: 'OK',
       local_id: '',
       result: [Object],
       docid_str: '5da1d2c08e58b2c313a04d14a5b2bbb0' } ] }
/description
/tags https://images.aran.site/HJfgoKmxx.jpg
{ status_code: 'OK',
  status_msg: 'All images in request have completed successfully. ',
  meta: 
   { tag: 
      { timestamp: 1477839786.696846,
        model: 'general-v1.3',
        config: null } },
  results: 
   [ { docid: 1414215034068974600,
       url: 'https://images.aran.site/HJfgoKmxx.jpg',
       status_code: 'OK',
       status_msg: 'OK',
       local_id: '',
       result: [Object],
       docid_str: '5da1d2c08e58b2c313a04d14a5b2bbb0' } ] }
/connection
/connection
/connection
/description
/tags https://images.aran.site/H1MPGq7xg.jpg
{ status_code: 'OK',
  status_msg: 'All images in request have completed successfully. ',
  meta: 
   { tag: 
      { timestamp: 1477841577.804687,
        model: 'general-v1.3',
        config: null } },
  results: 
   [ { docid: 14996949845206980000,
       url: 'https://images.aran.site/H1MPGq7xg.jpg',
       status_code: 'OK',
       status_msg: 'OK',
       local_id: '',
       result: [Object],
       docid_str: '85ef36e1cae06fc4d01fde6d4de95b4a' } ] }
/connection
/description
/tags https://images.aran.site/SJBSF9Xgx.jpg
{ status_code: 'OK',
  status_msg: 'All images in request have completed successfully. ',
  meta: 
   { tag: 
      { timestamp: 1477843341.442286,
        model: 'general-v1.3',
        config: null } },
  results: 
   [ { docid: 15479830159780495000,
       url: 'https://images.aran.site/SJBSF9Xgx.jpg',
       status_code: 'OK',
       status_msg: 'OK',
       local_id: '',
       result: [Object],
       docid_str: 'feb16e6150dacfb1d6d36783c1183c5e' } ] }
/description
/tags https://images.aran.site/SJBSF9Xgx.jpg
{ status_code: 'OK',
  status_msg: 'All images in request have completed successfully. ',
  meta: 
   { tag: 
      { timestamp: 1477843370.930124,
        model: 'general-v1.3',
        config: null } },
  results: 
   [ { docid: 15479830159780495000,
       url: 'https://images.aran.site/SJBSF9Xgx.jpg',
       status_code: 'OK',
       status_msg: 'OK',
       local_id: '',
       result: [Object],
       docid_str: 'feb16e6150dacfb1d6d36783c1183c5e' } ] }
/description
/tags https://images.aran.site/SJBSF9Xgx.jpg
{ status_code: 'OK',
  status_msg: 'All images in request have completed successfully. ',
  meta: 
   { tag: 
      { timestamp: 1477843374.319864,
        model: 'general-v1.3',
        config: null } },
  results: 
   [ { docid: 15479830159780495000,
       url: 'https://images.aran.site/SJBSF9Xgx.jpg',
       status_code: 'OK',
       status_msg: 'OK',
       local_id: '',
       result: [Object],
       docid_str: 'feb16e6150dacfb1d6d36783c1183c5e' } ] }
/description
/tags https://images.aran.site/SJBSF9Xgx.jpg
{ status_code: 'OK',
  status_msg: 'All images in request have completed successfully. ',
  meta: 
   { tag: 
      { timestamp: 1477843384.649963,
        model: 'general-v1.3',
        config: null } },
  results: 
   [ { docid: 15479830159780495000,
       url: 'https://images.aran.site/SJBSF9Xgx.jpg',
       status_code: 'OK',
       status_msg: 'OK',
       local_id: '',
       result: [Object],
       docid_str: 'feb16e6150dacfb1d6d36783c1183c5e' } ] }
/connection
/description
/tags https://images.aran.site/rkpeS1Ngl.jpg
{ status_code: 'OK',
  status_msg: 'All images in request have completed successfully. ',
  meta: 
   { tag: 
      { timestamp: 1477862739.01264,
        model: 'general-v1.3',
        config: null } },
  results: 
   [ { docid: 6038398828548216000,
       url: 'https://images.aran.site/rkpeS1Ngl.jpg',
       status_code: 'OK',
       status_msg: 'OK',
       local_id: '',
       result: [Object],
       docid_str: '3a167be1a377bbf953ccb3bde3c0549e' } ] }
/description
/tags https://images.aran.site/rkpeS1Ngl.jpg
{ status_code: 'OK',
  status_msg: 'All images in request have completed successfully. ',
  meta: 
   { tag: 
      { timestamp: 1477862754.28628,
        model: 'general-v1.3',
        config: null } },
  results: 
   [ { docid: 6038398828548216000,
       url: 'https://images.aran.site/rkpeS1Ngl.jpg',
       status_code: 'OK',
       status_msg: 'OK',
       local_id: '',
       result: [Object],
       docid_str: '3a167be1a377bbf953ccb3bde3c0549e' } ] }
/description
/tags https://images.aran.site/rkpeS1Ngl.jpg
{ status_code: 'OK',
  status_msg: 'All images in request have completed successfully. ',
  meta: 
   { tag: 
      { timestamp: 1477862766.123738,
        model: 'general-v1.3',
        config: null } },
  results: 
   [ { docid: 6038398828548216000,
       url: 'https://images.aran.site/rkpeS1Ngl.jpg',
       status_code: 'OK',
       status_msg: 'OK',
       local_id: '',
       result: [Object],
       docid_str: '3a167be1a377bbf953ccb3bde3c0549e' } ] }
/description
/tags https://images.aran.site/rkpeS1Ngl.jpg
{ status_code: 'OK',
  status_msg: 'All images in request have completed successfully. ',
  meta: 
   { tag: 
      { timestamp: 1477862776.042378,
        model: 'general-v1.3',
        config: null } },
  results: 
   [ { docid: 6038398828548216000,
       url: 'https://images.aran.site/rkpeS1Ngl.jpg',
       status_code: 'OK',
       status_msg: 'OK',
       local_id: '',
       result: [Object],
       docid_str: '3a167be1a377bbf953ccb3bde3c0549e' } ] }
/description
/tags https://images.aran.site/rkpeS1Ngl.jpg
{ status_code: 'OK',
  status_msg: 'All images in request have completed successfully. ',
  meta: 
   { tag: 
      { timestamp: 1477862803.918548,
        model: 'general-v1.3',
        config: null } },
  results: 
   [ { docid: 6038398828548216000,
       url: 'https://images.aran.site/rkpeS1Ngl.jpg',
       status_code: 'OK',
       status_msg: 'OK',
       local_id: '',
       result: [Object],
       docid_str: '3a167be1a377bbf953ccb3bde3c0549e' } ] }
/connection
/description
/tags https://images.aran.site/Hku5aXVge.jpg
{ status_code: 'OK',
  status_msg: 'All images in request have completed successfully. ',
  meta: 
   { tag: 
      { timestamp: 1477881345.243315,
        model: 'general-v1.3',
        config: null } },
  results: 
   [ { docid: 6988802556861514000,
       url: 'https://images.aran.site/Hku5aXVge.jpg',
       status_code: 'OK',
       status_msg: 'OK',
       local_id: '',
       result: [Object],
       docid_str: '266e9778c863886260fd36e5af127e53' } ] }
/description
/tags https://images.aran.site/Hku5aXVge.jpg
{ status_code: 'OK',
  status_msg: 'All images in request have completed successfully. ',
  meta: 
   { tag: 
      { timestamp: 1477881356.915177,
        model: 'general-v1.3',
        config: null } },
  results: 
   [ { docid: 6988802556861514000,
       url: 'https://images.aran.site/Hku5aXVge.jpg',
       status_code: 'OK',
       status_msg: 'OK',
       local_id: '',
       result: [Object],
       docid_str: '266e9778c863886260fd36e5af127e53' } ] }
/description
/tags https://images.aran.site/Hku5aXVge.jpg
{ status_code: 'OK',
  status_msg: 'All images in request have completed successfully. ',
  meta: 
   { tag: 
      { timestamp: 1477881360.63903,
        model: 'general-v1.3',
        config: null } },
  results: 
   [ { docid: 6988802556861514000,
       url: 'https://images.aran.site/Hku5aXVge.jpg',
       status_code: 'OK',
       status_msg: 'OK',
       local_id: '',
       result: [Object],
       docid_str: '266e9778c863886260fd36e5af127e53' } ] }
/connection
/connection
/connection
/connection
/connection
/connection
/connection
/connection
/description
/tags https://images.aran.site/SyuiqA4ee.jpg
{ status_code: 'OK',
  status_msg: 'All images in request have completed successfully. ',
  meta: 
   { tag: 
      { timestamp: 1477925637.941415,
        model: 'general-v1.3',
        config: null } },
  results: 
   [ { docid: 5807879828624347000,
       url: 'https://images.aran.site/SyuiqA4ee.jpg',
       status_code: 'OK',
       status_msg: 'OK',
       local_id: '',
       result: [Object],
       docid_str: '5a202bc0fbd9d5035099bbeec34f90d2' } ] }
/description
/tags https://images.aran.site/SyuiqA4ee.jpg
{ status_code: 'OK',
  status_msg: 'All images in request have completed successfully. ',
  meta: 
   { tag: 
      { timestamp: 1477925649.302531,
        model: 'general-v1.3',
        config: null } },
  results: 
   [ { docid: 5807879828624347000,
       url: 'https://images.aran.site/SyuiqA4ee.jpg',
       status_code: 'OK',
       status_msg: 'OK',
       local_id: '',
       result: [Object],
       docid_str: '5a202bc0fbd9d5035099bbeec34f90d2' } ] }
/description
/tags https://images.aran.site/SyuiqA4ee.jpg
{ status_code: 'OK',
  status_msg: 'All images in request have completed successfully. ',
  meta: 
   { tag: 
      { timestamp: 1477925661.218373,
        model: 'general-v1.3',
        config: null } },
  results: 
   [ { docid: 5807879828624347000,
       url: 'https://images.aran.site/SyuiqA4ee.jpg',
       status_code: 'OK',
       status_msg: 'OK',
       local_id: '',
       result: [Object],
       docid_str: '5a202bc0fbd9d5035099bbeec34f90d2' } ] }
/description
/tags https://images.aran.site/SyuiqA4ee.jpg
{ status_code: 'OK',
  status_msg: 'All images in request have completed successfully. ',
  meta: 
   { tag: 
      { timestamp: 1477925670.306007,
        model: 'general-v1.3',
        config: null } },
  results: 
   [ { docid: 5807879828624347000,
       url: 'https://images.aran.site/SyuiqA4ee.jpg',
       status_code: 'OK',
       status_msg: 'OK',
       local_id: '',
       result: [Object],
       docid_str: '5a202bc0fbd9d5035099bbeec34f90d2' } ] }
/connection
/connection
/connection
/description
/tags https://images.aran.site/rkCezZSxg.jpg
{ status_code: 'OK',
  status_msg: 'All images in request have completed successfully. ',
  meta: 
   { tag: 
      { timestamp: 1477935709.324033,
        model: 'general-v1.3',
        config: null } },
  results: 
   [ { docid: 14018938037376094000,
       url: 'https://images.aran.site/rkCezZSxg.jpg',
       status_code: 'OK',
       status_msg: 'OK',
       local_id: '',
       result: [Object],
       docid_str: '4bfc5dbacc84b697c28d45de96038ea6' } ] }
/description
/tags https://images.aran.site/rkCezZSxg.jpg
{ status_code: 'OK',
  status_msg: 'All images in request have completed successfully. ',
  meta: 
   { tag: 
      { timestamp: 1477935720.205652,
        model: 'general-v1.3',
        config: null } },
  results: 
   [ { docid: 14018938037376094000,
       url: 'https://images.aran.site/rkCezZSxg.jpg',
       status_code: 'OK',
       status_msg: 'OK',
       local_id: '',
       result: [Object],
       docid_str: '4bfc5dbacc84b697c28d45de96038ea6' } ] }
/description
/tags https://images.aran.site/rkCezZSxg.jpg
{ status_code: 'OK',
  status_msg: 'All images in request have completed successfully. ',
  meta: 
   { tag: 
      { timestamp: 1477935727.757431,
        model: 'general-v1.3',
        config: null } },
  results: 
   [ { docid: 14018938037376094000,
       url: 'https://images.aran.site/rkCezZSxg.jpg',
       status_code: 'OK',
       status_msg: 'OK',
       local_id: '',
       result: [Object],
       docid_str: '4bfc5dbacc84b697c28d45de96038ea6' } ] }
/description
/tags https://images.aran.site/rkCezZSxg.jpg
{ status_code: 'OK',
  status_msg: 'All images in request have completed successfully. ',
  meta: 
   { tag: 
      { timestamp: 1477935753.050039,
        model: 'general-v1.3',
        config: null } },
  results: 
   [ { docid: 14018938037376094000,
       url: 'https://images.aran.site/rkCezZSxg.jpg',
       status_code: 'OK',
       status_msg: 'OK',
       local_id: '',
       result: [Object],
       docid_str: '4bfc5dbacc84b697c28d45de96038ea6' } ] }
/description
/tags https://images.aran.site/rkCezZSxg.jpg
{ status_code: 'OK',
  status_msg: 'All images in request have completed successfully. ',
  meta: 
   { tag: 
      { timestamp: 1477935773.813761,
        model: 'general-v1.3',
        config: null } },
  results: 
   [ { docid: 14018938037376094000,
       url: 'https://images.aran.site/rkCezZSxg.jpg',
       status_code: 'OK',
       status_msg: 'OK',
       local_id: '',
       result: [Object],
       docid_str: '4bfc5dbacc84b697c28d45de96038ea6' } ] }
/description
/tags https://images.aran.site/rkCezZSxg.jpg
{ status_code: 'OK',
  status_msg: 'All images in request have completed successfully. ',
  meta: 
   { tag: 
      { timestamp: 1477935780.240061,
        model: 'general-v1.3',
        config: null } },
  results: 
   [ { docid: 14018938037376094000,
       url: 'https://images.aran.site/rkCezZSxg.jpg',
       status_code: 'OK',
       status_msg: 'OK',
       local_id: '',
       result: [Object],
       docid_str: '4bfc5dbacc84b697c28d45de96038ea6' } ] }
/description
/tags https://images.aran.site/rkCezZSxg.jpg
{ status_code: 'OK',
  status_msg: 'All images in request have completed successfully. ',
  meta: 
   { tag: 
      { timestamp: 1477935792.666257,
        model: 'general-v1.3',
        config: null } },
  results: 
   [ { docid: 14018938037376094000,
       url: 'https://images.aran.site/rkCezZSxg.jpg',
       status_code: 'OK',
       status_msg: 'OK',
       local_id: '',
       result: [Object],
       docid_str: '4bfc5dbacc84b697c28d45de96038ea6' } ] }
/description
/tags https://images.aran.site/rkCezZSxg.jpg
{ status_code: 'OK',
  status_msg: 'All images in request have completed successfully. ',
  meta: 
   { tag: 
      { timestamp: 1477935801.416539,
        model: 'general-v1.3',
        config: null } },
  results: 
   [ { docid: 14018938037376094000,
       url: 'https://images.aran.site/rkCezZSxg.jpg',
       status_code: 'OK',
       status_msg: 'OK',
       local_id: '',
       result: [Object],
       docid_str: '4bfc5dbacc84b697c28d45de96038ea6' } ] }
/description
/tags https://images.aran.site/rkCezZSxg.jpg
{ status_code: 'OK',
  status_msg: 'All images in request have completed successfully. ',
  meta: 
   { tag: 
      { timestamp: 1477935814.850652,
        model: 'general-v1.3',
        config: null } },
  results: 
   [ { docid: 14018938037376094000,
       url: 'https://images.aran.site/rkCezZSxg.jpg',
       status_code: 'OK',
       status_msg: 'OK',
       local_id: '',
       result: [Object],
       docid_str: '4bfc5dbacc84b697c28d45de96038ea6' } ] }
/description
/tags https://images.aran.site/rkCezZSxg.jpg
{ status_code: 'OK',
  status_msg: 'All images in request have completed successfully. ',
  meta: 
   { tag: 
      { timestamp: 1477935822.963858,
        model: 'general-v1.3',
        config: null } },
  results: 
   [ { docid: 14018938037376094000,
       url: 'https://images.aran.site/rkCezZSxg.jpg',
       status_code: 'OK',
       status_msg: 'OK',
       local_id: '',
       result: [Object],
       docid_str: '4bfc5dbacc84b697c28d45de96038ea6' } ] }
/description
/tags https://images.aran.site/rkCezZSxg.jpg
{ status_code: 'OK',
  status_msg: 'All images in request have completed successfully. ',
  meta: 
   { tag: 
      { timestamp: 1477935826.664084,
        model: 'general-v1.3',
        config: null } },
  results: 
   [ { docid: 14018938037376094000,
       url: 'https://images.aran.site/rkCezZSxg.jpg',
       status_code: 'OK',
       status_msg: 'OK',
       local_id: '',
       result: [Object],
       docid_str: '4bfc5dbacc84b697c28d45de96038ea6' } ] }
/description
/tags https://images.aran.site/rkCezZSxg.jpg
{ status_code: 'OK',
  status_msg: 'All images in request have completed successfully. ',
  meta: 
   { tag: 
      { timestamp: 1477935833.655788,
        model: 'general-v1.3',
        config: null } },
  results: 
   [ { docid: 14018938037376094000,
       url: 'https://images.aran.site/rkCezZSxg.jpg',
       status_code: 'OK',
       status_msg: 'OK',
       local_id: '',
       result: [Object],
       docid_str: '4bfc5dbacc84b697c28d45de96038ea6' } ] }
/description
/tags https://images.aran.site/rkCezZSxg.jpg
{ status_code: 'OK',
  status_msg: 'All images in request have completed successfully. ',
  meta: 
   { tag: 
      { timestamp: 1477935845.711133,
        model: 'general-v1.3',
        config: null } },
  results: 
   [ { docid: 14018938037376094000,
       url: 'https://images.aran.site/rkCezZSxg.jpg',
       status_code: 'OK',
       status_msg: 'OK',
       local_id: '',
       result: [Object],
       docid_str: '4bfc5dbacc84b697c28d45de96038ea6' } ] }
/connection
/connection
/description
/tags https://images.aran.site/Sywu1NUlx.jpg
{ status_code: 'TOKEN_EXPIRED',
  status_msg: 'Token has expired, you must generate a new access token. ' }
/description
/tags https://images.aran.site/Sywu1NUlx.jpg
{ status_code: 'TOKEN_EXPIRED',
  status_msg: 'Token has expired, you must generate a new access token. ' }
/description
/tags https://images.aran.site/Sywu1NUlx.jpg
{ status_code: 'TOKEN_EXPIRED',
  status_msg: 'Token has expired, you must generate a new access token. ' }
/connection
/description
/tags https://images.aran.site/HkJogN8xx.jpg
{ status_code: 'TOKEN_EXPIRED',
  status_msg: 'Token has expired, you must generate a new access token. ' }
/connection
/description
/tags https://images.aran.site/HyZZW4Igg.jpg
{ status_code: 'TOKEN_EXPIRED',
  status_msg: 'Token has expired, you must generate a new access token. ' }
/connection
/connection
/connection
/connection
/description
/tags https://images.aran.site/SJVaKEqlg.jpg
{ status_code: 'TOKEN_EXPIRED',
  status_msg: 'Token has expired, you must generate a new access token. ' }
/connection
/description
/tags https://images.aran.site/BJv0sIjgx.jpg
{ status_code: 'TOKEN_EXPIRED',
  status_msg: 'Token has expired, you must generate a new access token. ' }
/description
/tags https://images.aran.site/BJv0sIjgx.jpg
{ status_code: 'TOKEN_EXPIRED',
  status_msg: 'Token has expired, you must generate a new access token. ' }
/connection
/connection
